<?xml version="1.0" encoding="UTF-8"?>
<!-- Generated by org.testng.reporters.JUnitReportReporter -->
<testsuite hostname="LAPTOP-B1NEIEIF" failures="0" tests="2" name="testcase.ExtentReportsDemoWithTestNG" time="2.208" errors="0" timestamp="2024-01-08T21:20:10 IST" skipped="0">
  <testcase classname="testcase.ExtentReportsDemoWithTestNG" name="test1" time="2.207"/>
  <system-out/>
  <testcase classname="testcase.ExtentReportsDemoWithTestNG" name="test2" time="0.001"/>
  <system-out/>
</testsuite> <!-- testcase.ExtentReportsDemoWithTestNG -->
