<?xml version="1.0" encoding="UTF-8"?>
<!-- Generated by org.testng.reporters.JUnitReportReporter -->
<testsuite hostname="LAPTOP-B1NEIEIF" failures="0" tests="1" name="testcase.TestNG_Demo" time="2.064" errors="0" timestamp="2024-01-08T01:02:31 IST" skipped="0">
  <testcase classname="testcase.TestNG_Demo" name="googleSearch" time="2.064"/>
  <system-out/>
</testsuite> <!-- testcase.TestNG_Demo -->
