<?xml version="1.0" encoding="UTF-8"?>
<!-- Generated by org.testng.reporters.JUnitReportReporter -->
<testsuite hostname="LAPTOP-B1NEIEIF" failures="0" tests="3" name="listeners.TestNGListenersDemo2" time="0.004" errors="0" timestamp="2024-01-09T21:59:36 IST" skipped="1">
  <testcase classname="listeners.TestNGListenersDemo2" name="test6" time="0.001">
    <skipped/>
  </testcase> <!-- test6 -->
  <system-out/>
  <testcase classname="listeners.TestNGListenersDemo2" name="test4" time="0.001"/>
  <system-out/>
  <testcase classname="listeners.TestNGListenersDemo2" name="test5" time="0.002"/>
  <system-out/>
</testsuite> <!-- listeners.TestNGListenersDemo2 -->
